May-10 22:42:24.831 [main] DEBUG nextflow.cli.Launcher - $> nextflow run main.nf -profile docker
May-10 22:42:24.937 [main] DEBUG nextflow.cli.CmdRun - N E X T F L O W  ~  version 24.10.6
May-10 22:42:24.954 [main] DEBUG nextflow.plugin.PluginsFacade - Setting up plugin manager > mode=prod; embedded=false; plugins-dir=/home/acuacal/.nextflow/plugins; core-plugins: nf-amazon@2.9.3,nf-azure@1.10.2,nf-cloudcache@0.4.2,nf-codecommit@0.2.2,nf-console@1.1.4,nf-google@1.15.4,nf-tower@1.9.3,nf-wave@1.7.5
May-10 22:42:24.981 [main] INFO  o.pf4j.DefaultPluginStatusProvider - Enabled plugins: []
May-10 22:42:24.982 [main] INFO  o.pf4j.DefaultPluginStatusProvider - Disabled plugins: []
May-10 22:42:24.984 [main] INFO  org.pf4j.DefaultPluginManager - PF4J version 3.12.0 in 'deployment' mode
May-10 22:42:25.001 [main] INFO  org.pf4j.AbstractPluginManager - No plugins
May-10 22:42:25.024 [main] DEBUG nextflow.config.ConfigBuilder - Found config local: /home/acuacal/project/shotgun-nf-portfolio/nextflow.config
May-10 22:42:25.026 [main] DEBUG nextflow.config.ConfigBuilder - Parsing config file: /home/acuacal/project/shotgun-nf-portfolio/nextflow.config
May-10 22:42:25.058 [main] DEBUG n.secret.LocalSecretsProvider - Secrets store: /home/acuacal/.nextflow/secrets/store.json
May-10 22:42:25.061 [main] DEBUG nextflow.secret.SecretsLoader - Discovered secrets providers: [nextflow.secret.LocalSecretsProvider@4b6ac111] - activable => nextflow.secret.LocalSecretsProvider@4b6ac111
May-10 22:42:25.066 [main] DEBUG nextflow.config.ConfigBuilder - Applying config profile: `docker`
May-10 22:42:25.545 [main] DEBUG nextflow.config.ConfigBuilder - Available config profiles: [hybrid, test, docker]
May-10 22:42:25.587 [main] DEBUG nextflow.cli.CmdRun - Applied DSL=2 from script declaration
May-10 22:42:25.610 [main] DEBUG nextflow.cli.CmdRun - Launching `main.nf` [naughty_galileo] DSL2 - revision: 595f5e9e88
May-10 22:42:25.611 [main] DEBUG nextflow.plugin.PluginsFacade - Plugins default=[]
May-10 22:42:25.612 [main] DEBUG nextflow.plugin.PluginsFacade - Plugins resolved requirement=[]
May-10 22:42:25.840 [main] DEBUG nextflow.Session - Session UUID: 81dfd3bb-2f89-4476-a99d-f9161f3209de
May-10 22:42:25.841 [main] DEBUG nextflow.Session - Run name: naughty_galileo
May-10 22:42:25.841 [main] DEBUG nextflow.Session - Executor pool size: 8
May-10 22:42:25.855 [main] DEBUG nextflow.file.FilePorter - File porter settings maxRetries=3; maxTransfers=50; pollTimeout=null
May-10 22:42:25.870 [main] DEBUG nextflow.util.ThreadPoolBuilder - Creating thread pool 'FileTransfer' minSize=10; maxSize=24; workQueue=LinkedBlockingQueue[-1]; allowCoreThreadTimeout=false
May-10 22:42:25.901 [main] DEBUG nextflow.cli.CmdRun - 
  Version: 24.10.6 build 5937
  Created: 23-04-2025 16:53 UTC (24-04-2025 01:53 KDT)
  System: Linux 5.15.153.1-microsoft-standard-WSL2
  Runtime: Groovy 4.0.23 on OpenJDK 64-Bit Server VM 21.0.7+6-Ubuntu-0ubuntu124.04
  Encoding: UTF-8 (UTF-8)
  Process: 19362@DESKTOP-LT9IGGU [127.0.1.1]
  CPUs: 8 - Mem: 7.8 GB (5.8 GB) - Swap: 4 GB (4 GB)
May-10 22:42:25.925 [main] DEBUG nextflow.Session - Work-dir: /home/acuacal/project/shotgun-nf-portfolio/work [ext2/ext3]
May-10 22:42:25.925 [main] DEBUG nextflow.Session - Script base path does not exist or is not a directory: /home/acuacal/project/shotgun-nf-portfolio/bin
May-10 22:42:25.933 [main] DEBUG nextflow.executor.ExecutorFactory - Extension executors providers=[]
May-10 22:42:25.942 [main] DEBUG nextflow.Session - Observer factory: DefaultObserverFactory
May-10 22:42:25.965 [main] DEBUG nextflow.cache.CacheFactory - Using Nextflow cache factory: nextflow.cache.DefaultCacheFactory
May-10 22:42:25.975 [main] DEBUG nextflow.util.CustomThreadPool - Creating default thread pool > poolSize: 9; maxThreads: 1000
May-10 22:42:26.058 [main] DEBUG nextflow.Session - Session start
May-10 22:42:26.419 [main] DEBUG nextflow.script.ScriptRunner - > Launching execution
May-10 22:42:26.450 [main] INFO  nextflow.Nextflow - 
         S H O T G U N  M E T A G E N O M I C S     P I P E L I N E
         ===========================================================
         Input Samplesheet: https://raw.githubusercontent.com/nf-core/test-datasets/modules/data/delete_me/microbiome/illumina_PE_ERR123456_subset.csv
         Output Directory : results
         Profile          : docker

         See docs/README.md for more information.

May-10 22:42:26.845 [main] DEBUG nextflow.executor.ExecutorFactory - << taskConfig executor: null
May-10 22:42:26.852 [main] DEBUG nextflow.executor.ExecutorFactory - >> processorType: 'local'
May-10 22:42:26.872 [main] DEBUG nextflow.executor.Executor - [warm up] executor > local
May-10 22:42:26.919 [main] DEBUG n.processor.LocalPollingMonitor - Creating local task monitor for executor 'local' > cpus=8; memory=7.8 GB; capacity=8; pollInterval=100ms; dumpInterval=5m
May-10 22:42:26.935 [main] DEBUG n.processor.TaskPollingMonitor - >>> barrier register (monitor: local)
May-10 22:42:27.202 [main] DEBUG nextflow.executor.ExecutorFactory - << taskConfig executor: null
May-10 22:42:27.202 [main] DEBUG nextflow.executor.ExecutorFactory - >> processorType: 'local'
May-10 22:42:27.207 [main] DEBUG nextflow.Session - Workflow process names [dsl2]: BAGOBUGS, FUNCSCAN
May-10 22:42:27.208 [main] DEBUG nextflow.Session - Igniting dataflow network (3)
May-10 22:42:27.225 [main] DEBUG nextflow.processor.TaskProcessor - Starting process > BAGOBUGS
May-10 22:42:27.226 [main] DEBUG nextflow.processor.TaskProcessor - Starting process > FUNCSCAN
May-10 22:42:27.227 [main] DEBUG nextflow.script.ScriptRunner - Parsed script files:
  Script_e082999f6ea68071: /home/acuacal/project/shotgun-nf-portfolio/main.nf
May-10 22:42:27.227 [main] DEBUG nextflow.script.ScriptRunner - > Awaiting termination 
May-10 22:42:27.227 [main] DEBUG nextflow.Session - Session await
May-10 22:42:28.494 [Actor Thread 5] DEBUG n.file.http.XFileSystemProvider - Got HTTP error=404 waiting for 250ms (attempt=1)
May-10 22:42:28.761 [Actor Thread 5] DEBUG n.file.http.XFileSystemProvider - Got HTTP error=404 waiting for 750ms (attempt=2)
May-10 22:42:29.528 [Actor Thread 5] DEBUG n.file.http.XFileSystemProvider - Got HTTP error=404 waiting for 2250ms (attempt=3)
May-10 22:42:31.802 [Actor Thread 5] DEBUG nextflow.util.HashBuilder - Unable to get file attributes file: https://raw.githubusercontent.com/nf-core/test-datasets/modules/data/delete_me/microbiome/illumina_PE_ERR123456_subset.csv -- Cause: java.io.IOException: Unable to access path: https://raw.githubusercontent.com/nf-core/test-datasets/modules/data/delete_me/microbiome/illumina_PE_ERR123456_subset.csv
May-10 22:42:31.818 [FileTransfer-1] DEBUG nextflow.file.FilePorter - Copying foreign file https://raw.githubusercontent.com/nf-core/test-datasets/modules/data/delete_me/microbiome/illumina_PE_ERR123456_subset.csv to work dir: /home/acuacal/project/shotgun-nf-portfolio/work/stage-81dfd3bb-2f89-4476-a99d-f9161f3209de/40/8898dc241eafffbde6de2c29bf8350/illumina_PE_ERR123456_subset.csv
May-10 22:42:31.835 [FileTransfer-1] DEBUG n.file.http.XFileSystemProvider - Got HTTP error=404 waiting for 250ms (attempt=1)
May-10 22:42:32.098 [FileTransfer-1] DEBUG n.file.http.XFileSystemProvider - Got HTTP error=404 waiting for 750ms (attempt=2)
May-10 22:42:32.864 [FileTransfer-1] DEBUG n.file.http.XFileSystemProvider - Got HTTP error=404 waiting for 2250ms (attempt=3)
May-10 22:42:33.818 [Actor Thread 5] INFO  nextflow.file.FilePorter - Staging foreign file: https://raw.githubusercontent.com/nf-core/test-datasets/modules/data/delete_me/microbiome/illumina_PE_ERR123456_subset.csv
May-10 22:42:35.134 [FileTransfer-1] DEBUG nextflow.file.FilePorter - Stage foreign file exception: recoverable=true; type=java.io.IOException; message=Unable to access path: https://raw.githubusercontent.com/nf-core/test-datasets/modules/data/delete_me/microbiome/illumina_PE_ERR123456_subset.csv
May-10 22:42:35.135 [FileTransfer-1] WARN  nextflow.file.FilePorter - Unable to stage foreign file: https://raw.githubusercontent.com/nf-core/test-datasets/modules/data/delete_me/microbiome/illumina_PE_ERR123456_subset.csv (try 1 of 3) -- Cause: Unable to access path: https://raw.githubusercontent.com/nf-core/test-datasets/modules/data/delete_me/microbiome/illumina_PE_ERR123456_subset.csv
java.io.IOException: Unable to access path: https://raw.githubusercontent.com/nf-core/test-datasets/modules/data/delete_me/microbiome/illumina_PE_ERR123456_subset.csv
	at nextflow.file.http.XFileSystemProvider.readAttributes(XFileSystemProvider.groovy:464)
	at java.base/java.nio.file.Files.readAttributes(Files.java:1854)
	at nextflow.file.CopyMoveHelper.copyToForeignTarget(CopyMoveHelper.java:162)
	at nextflow.file.FileHelper.copyPath(FileHelper.groovy:1001)
	at nextflow.file.FilePorter$FileTransfer.stageForeignFile0(FilePorter.groovy:373)
	at nextflow.file.FilePorter$FileTransfer.stageForeignFile(FilePorter.groovy:328)
	at nextflow.file.FilePorter$FileTransfer.run(FilePorter.groovy:300)
	at java.base/java.util.concurrent.Executors$RunnableAdapter.call(Executors.java:572)
	at java.base/java.util.concurrent.FutureTask.run(FutureTask.java:317)
	at java.base/java.util.concurrent.ThreadPoolExecutor.runWorker(ThreadPoolExecutor.java:1144)
	at java.base/java.util.concurrent.ThreadPoolExecutor$Worker.run(ThreadPoolExecutor.java:642)
	at java.base/java.lang.Thread.run(Thread.java:1583)
May-10 22:42:35.338 [FileTransfer-1] DEBUG nextflow.file.FilePorter - Copying foreign file https://raw.githubusercontent.com/nf-core/test-datasets/modules/data/delete_me/microbiome/illumina_PE_ERR123456_subset.csv to work dir: /home/acuacal/project/shotgun-nf-portfolio/work/stage-81dfd3bb-2f89-4476-a99d-f9161f3209de/40/8898dc241eafffbde6de2c29bf8350/illumina_PE_ERR123456_subset.csv
May-10 22:42:35.353 [FileTransfer-1] DEBUG n.file.http.XFileSystemProvider - Got HTTP error=404 waiting for 250ms (attempt=1)
May-10 22:42:35.618 [FileTransfer-1] DEBUG n.file.http.XFileSystemProvider - Got HTTP error=404 waiting for 750ms (attempt=2)
May-10 22:42:39.709 [FileTransfer-1] DEBUG n.file.http.XFileSystemProvider - Got HTTP error=404 waiting for 2250ms (attempt=3)
May-10 22:42:41.991 [FileTransfer-1] DEBUG nextflow.file.FilePorter - Stage foreign file exception: recoverable=true; type=java.io.IOException; message=Unable to access path: https://raw.githubusercontent.com/nf-core/test-datasets/modules/data/delete_me/microbiome/illumina_PE_ERR123456_subset.csv
May-10 22:42:41.992 [FileTransfer-1] WARN  nextflow.file.FilePorter - Unable to stage foreign file: https://raw.githubusercontent.com/nf-core/test-datasets/modules/data/delete_me/microbiome/illumina_PE_ERR123456_subset.csv (try 2 of 3) -- Cause: Unable to access path: https://raw.githubusercontent.com/nf-core/test-datasets/modules/data/delete_me/microbiome/illumina_PE_ERR123456_subset.csv
java.io.IOException: Unable to access path: https://raw.githubusercontent.com/nf-core/test-datasets/modules/data/delete_me/microbiome/illumina_PE_ERR123456_subset.csv
	at nextflow.file.http.XFileSystemProvider.readAttributes(XFileSystemProvider.groovy:464)
	at java.base/java.nio.file.Files.readAttributes(Files.java:1854)
	at nextflow.file.CopyMoveHelper.copyToForeignTarget(CopyMoveHelper.java:162)
	at nextflow.file.FileHelper.copyPath(FileHelper.groovy:1001)
	at nextflow.file.FilePorter$FileTransfer.stageForeignFile0(FilePorter.groovy:373)
	at nextflow.file.FilePorter$FileTransfer.stageForeignFile(FilePorter.groovy:328)
	at nextflow.file.FilePorter$FileTransfer.run(FilePorter.groovy:300)
	at java.base/java.util.concurrent.Executors$RunnableAdapter.call(Executors.java:572)
	at java.base/java.util.concurrent.FutureTask.run(FutureTask.java:317)
	at java.base/java.util.concurrent.ThreadPoolExecutor.runWorker(ThreadPoolExecutor.java:1144)
	at java.base/java.util.concurrent.ThreadPoolExecutor$Worker.run(ThreadPoolExecutor.java:642)
	at java.base/java.lang.Thread.run(Thread.java:1583)
May-10 22:42:42.256 [FileTransfer-1] DEBUG nextflow.file.FilePorter - Copying foreign file https://raw.githubusercontent.com/nf-core/test-datasets/modules/data/delete_me/microbiome/illumina_PE_ERR123456_subset.csv to work dir: /home/acuacal/project/shotgun-nf-portfolio/work/stage-81dfd3bb-2f89-4476-a99d-f9161f3209de/40/8898dc241eafffbde6de2c29bf8350/illumina_PE_ERR123456_subset.csv
May-10 22:42:42.282 [FileTransfer-1] DEBUG n.file.http.XFileSystemProvider - Got HTTP error=404 waiting for 250ms (attempt=1)
May-10 22:42:42.548 [FileTransfer-1] DEBUG n.file.http.XFileSystemProvider - Got HTTP error=404 waiting for 750ms (attempt=2)
May-10 22:42:43.313 [FileTransfer-1] DEBUG n.file.http.XFileSystemProvider - Got HTTP error=404 waiting for 2250ms (attempt=3)
May-10 22:42:45.589 [FileTransfer-1] DEBUG nextflow.file.FilePorter - Stage foreign file exception: recoverable=true; type=java.io.IOException; message=Unable to access path: https://raw.githubusercontent.com/nf-core/test-datasets/modules/data/delete_me/microbiome/illumina_PE_ERR123456_subset.csv
May-10 22:42:45.590 [FileTransfer-1] WARN  nextflow.file.FilePorter - Unable to stage foreign file: https://raw.githubusercontent.com/nf-core/test-datasets/modules/data/delete_me/microbiome/illumina_PE_ERR123456_subset.csv (try 3 of 3) -- Cause: Unable to access path: https://raw.githubusercontent.com/nf-core/test-datasets/modules/data/delete_me/microbiome/illumina_PE_ERR123456_subset.csv
java.io.IOException: Unable to access path: https://raw.githubusercontent.com/nf-core/test-datasets/modules/data/delete_me/microbiome/illumina_PE_ERR123456_subset.csv
	at nextflow.file.http.XFileSystemProvider.readAttributes(XFileSystemProvider.groovy:464)
	at java.base/java.nio.file.Files.readAttributes(Files.java:1854)
	at nextflow.file.CopyMoveHelper.copyToForeignTarget(CopyMoveHelper.java:162)
	at nextflow.file.FileHelper.copyPath(FileHelper.groovy:1001)
	at nextflow.file.FilePorter$FileTransfer.stageForeignFile0(FilePorter.groovy:373)
	at nextflow.file.FilePorter$FileTransfer.stageForeignFile(FilePorter.groovy:328)
	at nextflow.file.FilePorter$FileTransfer.run(FilePorter.groovy:300)
	at java.base/java.util.concurrent.Executors$RunnableAdapter.call(Executors.java:572)
	at java.base/java.util.concurrent.FutureTask.run(FutureTask.java:317)
	at java.base/java.util.concurrent.ThreadPoolExecutor.runWorker(ThreadPoolExecutor.java:1144)
	at java.base/java.util.concurrent.ThreadPoolExecutor$Worker.run(ThreadPoolExecutor.java:642)
	at java.base/java.lang.Thread.run(Thread.java:1583)
May-10 22:42:45.761 [FileTransfer-1] DEBUG nextflow.file.FilePorter - Copying foreign file https://raw.githubusercontent.com/nf-core/test-datasets/modules/data/delete_me/microbiome/illumina_PE_ERR123456_subset.csv to work dir: /home/acuacal/project/shotgun-nf-portfolio/work/stage-81dfd3bb-2f89-4476-a99d-f9161f3209de/40/8898dc241eafffbde6de2c29bf8350/illumina_PE_ERR123456_subset.csv
May-10 22:42:45.780 [FileTransfer-1] DEBUG n.file.http.XFileSystemProvider - Got HTTP error=404 waiting for 250ms (attempt=1)
May-10 22:42:46.045 [FileTransfer-1] DEBUG n.file.http.XFileSystemProvider - Got HTTP error=404 waiting for 750ms (attempt=2)
May-10 22:42:46.811 [FileTransfer-1] DEBUG n.file.http.XFileSystemProvider - Got HTTP error=404 waiting for 2250ms (attempt=3)
May-10 22:42:49.085 [Actor Thread 5] DEBUG nextflow.processor.TaskProcessor - Handling unexpected condition for
  task: name=BAGOBUGS (1); work-dir=null
  error [nextflow.exception.ProcessStageException]: Can't stage file https://raw.githubusercontent.com/nf-core/test-datasets/modules/data/delete_me/microbiome/illumina_PE_ERR123456_subset.csv -- reason: Unable to access path: https://raw.githubusercontent.com/nf-core/test-datasets/modules/data/delete_me/microbiome/illumina_PE_ERR123456_subset.csv
May-10 22:42:49.108 [Actor Thread 5] ERROR nextflow.processor.TaskProcessor - Error executing process > 'BAGOBUGS (1)'

Caused by:
  Can't stage file https://raw.githubusercontent.com/nf-core/test-datasets/modules/data/delete_me/microbiome/illumina_PE_ERR123456_subset.csv -- reason: Unable to access path: https://raw.githubusercontent.com/nf-core/test-datasets/modules/data/delete_me/microbiome/illumina_PE_ERR123456_subset.csv



Tip: when you have fixed the problem you can continue the execution adding the option `-resume` to the run command line
May-10 22:42:49.112 [Actor Thread 5] DEBUG nextflow.Session - Session aborted -- Cause: Can't stage file https://raw.githubusercontent.com/nf-core/test-datasets/modules/data/delete_me/microbiome/illumina_PE_ERR123456_subset.csv -- reason: Unable to access path: https://raw.githubusercontent.com/nf-core/test-datasets/modules/data/delete_me/microbiome/illumina_PE_ERR123456_subset.csv
May-10 22:42:49.127 [Actor Thread 5] DEBUG nextflow.Session - The following nodes are still active:
[process] BAGOBUGS
  status=ACTIVE
  port 0: (queue) closed; channel: samplesheet
  port 1: (cntrl) -     ; channel: $

[process] FUNCSCAN
  status=ACTIVE
  port 0: (queue) OPEN  ; channel: предыдущий_output_dir
  port 1: (cntrl) -     ; channel: $

May-10 22:42:49.131 [Actor Thread 5] DEBUG nextflow.Session - 
Thread[#31,Thread-1,5,main]
  java.base@21.0.7/jdk.internal.misc.Unsafe.park(Native Method)
  java.base@21.0.7/java.util.concurrent.locks.LockSupport.parkNanos(LockSupport.java:269)
  java.base@21.0.7/java.util.concurrent.locks.AbstractQueuedSynchronizer$ConditionObject.awaitNanos(AbstractQueuedSynchronizer.java:1763)
  java.base@21.0.7/java.util.concurrent.LinkedBlockingDeque.pollFirst(LinkedBlockingDeque.java:515)
  java.base@21.0.7/java.util.concurrent.LinkedBlockingDeque.poll(LinkedBlockingDeque.java:677)
  app//nextflow.util.SimpleAgent.run(SimpleAgent.groovy:89)
  java.base@21.0.7/java.lang.invoke.LambdaForm$DMH/0x00007f70a01a8400.invokeVirtual(LambdaForm$DMH)
  java.base@21.0.7/java.lang.invoke.LambdaForm$MH/0x00007f70a0303c00.invoke(LambdaForm$MH)
  java.base@21.0.7/java.lang.invoke.Invokers$Holder.invokeExact_MT(Invokers$Holder)
  java.base@21.0.7/jdk.internal.reflect.DirectMethodHandleAccessor.invokeImpl(DirectMethodHandleAccessor.java:153)
  java.base@21.0.7/jdk.internal.reflect.DirectMethodHandleAccessor.invoke(DirectMethodHandleAccessor.java:103)
  java.base@21.0.7/java.lang.reflect.Method.invoke(Method.java:580)
  app//org.codehaus.groovy.reflection.CachedMethod.invoke(CachedMethod.java:343)
  app//groovy.lang.MetaMethod.doMethodInvoke(MetaMethod.java:328)
  app//groovy.lang.MetaClassImpl.doInvokeMethod(MetaClassImpl.java:1333)
  app//groovy.lang.MetaClassImpl.invokeMethod(MetaClassImpl.java:1088)
  app//groovy.lang.MetaClassImpl.invokeMethodClosure(MetaClassImpl.java:1017)
  app//groovy.lang.MetaClassImpl.doInvokeMethod(MetaClassImpl.java:1207)
  app//groovy.lang.MetaClassImpl.invokeMethod(MetaClassImpl.java:1088)
  app//groovy.lang.MetaClassImpl.invokeMethod(MetaClassImpl.java:1007)
  app//groovy.lang.Closure.call(Closure.java:433)
  app//groovy.lang.Closure.call(Closure.java:412)
  app//groovy.lang.Closure.run(Closure.java:505)
  java.base@21.0.7/java.lang.Thread.runWith(Thread.java:1596)
  java.base@21.0.7/java.lang.Thread.run(Thread.java:1583)

Thread[#33,Task monitor,5,main]
  java.base@21.0.7/jdk.internal.misc.Unsafe.park(Native Method)
  java.base@21.0.7/java.util.concurrent.locks.LockSupport.parkNanos(LockSupport.java:269)
  java.base@21.0.7/java.util.concurrent.locks.AbstractQueuedSynchronizer$ConditionObject.await(AbstractQueuedSynchronizer.java:1852)
  app//nextflow.processor.TaskPollingMonitor$_await_closure5.doCall(TaskPollingMonitor.groovy:529)
  app//nextflow.processor.TaskPollingMonitor$_await_closure5.call(TaskPollingMonitor.groovy)
  app//nextflow.extension.Bolts.withLock(Bolts.groovy:337)
  app//nextflow.extension.Bolts.withLock(Bolts.groovy)
  app//nextflow.processor.TaskPollingMonitor.await(TaskPollingMonitor.groovy:528)
  app//nextflow.processor.TaskPollingMonitor.pollLoop(TaskPollingMonitor.groovy:453)
  java.base@21.0.7/java.lang.invoke.LambdaForm$DMH/0x00007f70a01a8400.invokeVirtual(LambdaForm$DMH)
  java.base@21.0.7/java.lang.invoke.LambdaForm$MH/0x00007f70a0303c00.invoke(LambdaForm$MH)
  java.base@21.0.7/java.lang.invoke.Invokers$Holder.invokeExact_MT(Invokers$Holder)
  java.base@21.0.7/jdk.internal.reflect.DirectMethodHandleAccessor.invokeImpl(DirectMethodHandleAccessor.java:153)
  java.base@21.0.7/jdk.internal.reflect.DirectMethodHandleAccessor.invoke(DirectMethodHandleAccessor.java:103)
  java.base@21.0.7/java.lang.reflect.Method.invoke(Method.java:580)
  app//org.codehaus.groovy.reflection.CachedMethod.invoke(CachedMethod.java:343)
  app//groovy.lang.MetaMethod.doMethodInvoke(MetaMethod.java:328)
  app//groovy.lang.MetaClassImpl.doInvokeMethod(MetaClassImpl.java:1333)
  app//groovy.lang.MetaClassImpl.invokeMethod(MetaClassImpl.java:1088)
  app//groovy.lang.MetaClassImpl.invokeMethod(MetaClassImpl.java:1007)
  app//org.codehaus.groovy.runtime.InvokerHelper.invokePogoMethod(InvokerHelper.java:645)
  app//org.codehaus.groovy.runtime.InvokerHelper.invokeMethod(InvokerHelper.java:628)
  app//org.codehaus.groovy.runtime.InvokerHelper.invokeMethodSafe(InvokerHelper.java:82)
  app//nextflow.processor.TaskPollingMonitor$_start_closure2.doCall(TaskPollingMonitor.groovy:318)
  app//nextflow.processor.TaskPollingMonitor$_start_closure2.call(TaskPollingMonitor.groovy)
  app//groovy.lang.Closure.run(Closure.java:505)
  java.base@21.0.7/java.lang.Thread.runWith(Thread.java:1596)
  java.base@21.0.7/java.lang.Thread.run(Thread.java:1583)

Thread[#32,AnsiLogObserver,5,main]
  java.base@21.0.7/java.lang.Object.wait0(Native Method)
  java.base@21.0.7/java.lang.Object.wait(Object.java:366)
  app//nextflow.trace.AnsiLogObserver.render0(AnsiLogObserver.groovy:185)
  java.base@21.0.7/java.lang.invoke.DirectMethodHandle$Holder.invokeVirtual(DirectMethodHandle$Holder)
  java.base@21.0.7/java.lang.invoke.LambdaForm$MH/0x00007f70a02b3800.invoke(LambdaForm$MH)
  java.base@21.0.7/java.lang.invoke.Invokers$Holder.invokeExact_MT(Invokers$Holder)
  java.base@21.0.7/jdk.internal.reflect.DirectMethodHandleAccessor.invokeImpl(DirectMethodHandleAccessor.java:154)
  java.base@21.0.7/jdk.internal.reflect.DirectMethodHandleAccessor.invoke(DirectMethodHandleAccessor.java:103)
  java.base@21.0.7/java.lang.reflect.Method.invoke(Method.java:580)
  app//org.codehaus.groovy.reflection.CachedMethod.invoke(CachedMethod.java:343)
  app//groovy.lang.MetaMethod.doMethodInvoke(MetaMethod.java:328)
  app//groovy.lang.MetaClassImpl.doInvokeMethod(MetaClassImpl.java:1333)
  app//groovy.lang.MetaClassImpl.invokeMethod(MetaClassImpl.java:1088)
  app//groovy.lang.MetaClassImpl.invokeMethodClosure(MetaClassImpl.java:1017)
  app//groovy.lang.MetaClassImpl.doInvokeMethod(MetaClassImpl.java:1207)
  app//groovy.lang.MetaClassImpl.invokeMethod(MetaClassImpl.java:1088)
  app//groovy.lang.MetaClassImpl.invokeMethod(MetaClassImpl.java:1007)
  app//groovy.lang.Closure.call(Closure.java:433)
  app//groovy.lang.Closure.call(Closure.java:412)
  app//groovy.lang.Closure.run(Closure.java:505)
  java.base@21.0.7/java.lang.Thread.runWith(Thread.java:1596)
  java.base@21.0.7/java.lang.Thread.run(Thread.java:1583)

Thread[#36,Actor Thread 1,5,main]
  java.base@21.0.7/jdk.internal.misc.Unsafe.park(Native Method)
  java.base@21.0.7/java.util.concurrent.locks.LockSupport.park(LockSupport.java:371)
  java.base@21.0.7/java.util.concurrent.LinkedTransferQueue$DualNode.await(LinkedTransferQueue.java:458)
  java.base@21.0.7/java.util.concurrent.SynchronousQueue$Transferer.xferLifo(SynchronousQueue.java:194)
  java.base@21.0.7/java.util.concurrent.SynchronousQueue.xfer(SynchronousQueue.java:235)
  java.base@21.0.7/java.util.concurrent.SynchronousQueue.take(SynchronousQueue.java:318)
  java.base@21.0.7/java.util.concurrent.ThreadPoolExecutor.getTask(ThreadPoolExecutor.java:1070)
  java.base@21.0.7/java.util.concurrent.ThreadPoolExecutor.runWorker(ThreadPoolExecutor.java:1130)
  java.base@21.0.7/java.util.concurrent.ThreadPoolExecutor$Worker.run(ThreadPoolExecutor.java:642)
  java.base@21.0.7/java.lang.Thread.runWith(Thread.java:1596)
  java.base@21.0.7/java.lang.Thread.run(Thread.java:1583)

Thread[#47,FileTransfer-1,5,main]
  java.base@21.0.7/jdk.internal.misc.Unsafe.park(Native Method)
  java.base@21.0.7/java.util.concurrent.locks.LockSupport.park(LockSupport.java:371)
  java.base@21.0.7/java.util.concurrent.locks.AbstractQueuedSynchronizer$ConditionNode.block(AbstractQueuedSynchronizer.java:519)
  java.base@21.0.7/java.util.concurrent.ForkJoinPool.unmanagedBlock(ForkJoinPool.java:3780)
  java.base@21.0.7/java.util.concurrent.ForkJoinPool.managedBlock(ForkJoinPool.java:3725)
  java.base@21.0.7/java.util.concurrent.locks.AbstractQueuedSynchronizer$ConditionObject.await(AbstractQueuedSynchronizer.java:1712)
  java.base@21.0.7/java.util.concurrent.LinkedBlockingQueue.take(LinkedBlockingQueue.java:435)
  java.base@21.0.7/java.util.concurrent.ThreadPoolExecutor.getTask(ThreadPoolExecutor.java:1070)
  java.base@21.0.7/java.util.concurrent.ThreadPoolExecutor.runWorker(ThreadPoolExecutor.java:1130)
  java.base@21.0.7/java.util.concurrent.ThreadPoolExecutor$Worker.run(ThreadPoolExecutor.java:642)
  java.base@21.0.7/java.lang.Thread.runWith(Thread.java:1596)
  java.base@21.0.7/java.lang.Thread.run(Thread.java:1583)

Thread[#18,Common-Cleaner,8,InnocuousThreadGroup]
  java.base@21.0.7/jdk.internal.misc.Unsafe.park(Native Method)
  java.base@21.0.7/java.util.concurrent.locks.LockSupport.parkNanos(LockSupport.java:269)
  java.base@21.0.7/java.util.concurrent.locks.AbstractQueuedSynchronizer$ConditionObject.await(AbstractQueuedSynchronizer.java:1852)
  java.base@21.0.7/java.lang.ref.ReferenceQueue.await(ReferenceQueue.java:71)
  java.base@21.0.7/java.lang.ref.ReferenceQueue.remove0(ReferenceQueue.java:143)
  java.base@21.0.7/java.lang.ref.ReferenceQueue.remove(ReferenceQueue.java:218)
  java.base@21.0.7/jdk.internal.ref.CleanerImpl.run(CleanerImpl.java:140)
  java.base@21.0.7/java.lang.Thread.runWith(Thread.java:1596)
  java.base@21.0.7/java.lang.Thread.run(Thread.java:1583)
  java.base@21.0.7/jdk.internal.misc.InnocuousThread.run(InnocuousThread.java:186)

Thread[#38,Actor Thread 3,5,main]
  java.base@21.0.7/jdk.internal.misc.Unsafe.park(Native Method)
  java.base@21.0.7/java.util.concurrent.locks.LockSupport.park(LockSupport.java:221)
  java.base@21.0.7/java.util.concurrent.locks.AbstractQueuedSynchronizer.acquire(AbstractQueuedSynchronizer.java:754)
  java.base@21.0.7/java.util.concurrent.locks.AbstractQueuedSynchronizer.acquireSharedInterruptibly(AbstractQueuedSynchronizer.java:1099)
  java.base@21.0.7/java.util.concurrent.Semaphore.acquire(Semaphore.java:475)
  app//groovyx.gpars.dataflow.operator.ForkingDataflowOperatorActor.forwardPoisonPill(ForkingDataflowOperatorActor.java:69)
  app//groovyx.gpars.dataflow.operator.DataflowProcessorActor.checkPoison(DataflowProcessorActor.java:114)
  app//groovyx.gpars.dataflow.operator.DataflowOperatorActor.onMessage(DataflowOperatorActor.java:83)
  app//groovyx.gpars.actor.impl.SDAClosure$1.call(SDAClosure.java:43)
  app//groovyx.gpars.actor.AbstractLoopingActor.runEnhancedWithoutRepliesOnMessages(AbstractLoopingActor.java:293)
  app//groovyx.gpars.actor.AbstractLoopingActor.access$400(AbstractLoopingActor.java:30)
  app//groovyx.gpars.actor.AbstractLoopingActor$1.handleMessage(AbstractLoopingActor.java:93)
  app//groovyx.gpars.util.AsyncMessagingCore.run(AsyncMessagingCore.java:132)
  java.base@21.0.7/java.util.concurrent.ThreadPoolExecutor.runWorker(ThreadPoolExecutor.java:1144)
  java.base@21.0.7/java.util.concurrent.ThreadPoolExecutor$Worker.run(ThreadPoolExecutor.java:642)
  java.base@21.0.7/java.lang.Thread.runWith(Thread.java:1596)
  java.base@21.0.7/java.lang.Thread.run(Thread.java:1583)

Thread[#1,main,5,main]
  java.base@21.0.7/jdk.internal.misc.Unsafe.park(Native Method)
  java.base@21.0.7/java.util.concurrent.locks.LockSupport.park(LockSupport.java:371)
  java.base@21.0.7/java.util.concurrent.locks.AbstractQueuedSynchronizer$ConditionNode.block(AbstractQueuedSynchronizer.java:519)
  java.base@21.0.7/java.util.concurrent.ForkJoinPool.unmanagedBlock(ForkJoinPool.java:3780)
  java.base@21.0.7/java.util.concurrent.ForkJoinPool.managedBlock(ForkJoinPool.java:3725)
  java.base@21.0.7/java.util.concurrent.locks.AbstractQueuedSynchronizer$ConditionObject.await(AbstractQueuedSynchronizer.java:1712)
  app//nextflow.util.Barrier$_awaitCompletion_closure3.doCall(Barrier.groovy:92)
  app//nextflow.util.Barrier$_awaitCompletion_closure3.call(Barrier.groovy)
  app//nextflow.extension.Bolts.withLock(Bolts.groovy:337)
  app//nextflow.extension.Bolts.withLock(Bolts.groovy)
  app//nextflow.util.Barrier.awaitCompletion(Barrier.groovy:89)
  app//nextflow.Session.await(Session.groovy:676)
  app//nextflow.script.ScriptRunner.await(ScriptRunner.groovy:256)
  app//nextflow.script.ScriptRunner.execute(ScriptRunner.groovy:144)
  app//nextflow.cli.CmdRun.run(CmdRun.groovy:376)
  app//nextflow.cli.Launcher.run(Launcher.groovy:503)
  app//nextflow.cli.Launcher.main(Launcher.groovy:658)

Thread[#34,Task submitter,5,main]
  java.base@21.0.7/jdk.internal.misc.Unsafe.park(Native Method)
  java.base@21.0.7/java.util.concurrent.locks.LockSupport.park(LockSupport.java:371)
  java.base@21.0.7/java.util.concurrent.locks.AbstractQueuedSynchronizer$ConditionNode.block(AbstractQueuedSynchronizer.java:519)
  java.base@21.0.7/java.util.concurrent.ForkJoinPool.unmanagedBlock(ForkJoinPool.java:3780)
  java.base@21.0.7/java.util.concurrent.ForkJoinPool.managedBlock(ForkJoinPool.java:3725)
  java.base@21.0.7/java.util.concurrent.locks.AbstractQueuedSynchronizer$ConditionObject.await(AbstractQueuedSynchronizer.java:1712)
  app//nextflow.processor.TaskPollingMonitor.awaitTasks(TaskPollingMonitor.groovy:388)
  app//nextflow.processor.TaskPollingMonitor.submitLoop(TaskPollingMonitor.groovy:412)
  java.base@21.0.7/java.lang.invoke.LambdaForm$DMH/0x00007f70a01a8400.invokeVirtual(LambdaForm$DMH)
  java.base@21.0.7/java.lang.invoke.LambdaForm$MH/0x00007f70a0303c00.invoke(LambdaForm$MH)
  java.base@21.0.7/java.lang.invoke.Invokers$Holder.invokeExact_MT(Invokers$Holder)
  java.base@21.0.7/jdk.internal.reflect.DirectMethodHandleAccessor.invokeImpl(DirectMethodHandleAccessor.java:153)
  java.base@21.0.7/jdk.internal.reflect.DirectMethodHandleAccessor.invoke(DirectMethodHandleAccessor.java:103)
  java.base@21.0.7/java.lang.reflect.Method.invoke(Method.java:580)
  app//org.codehaus.groovy.reflection.CachedMethod.invoke(CachedMethod.java:343)
  app//groovy.lang.MetaMethod.doMethodInvoke(MetaMethod.java:328)
  app//groovy.lang.MetaClassImpl.doInvokeMethod(MetaClassImpl.java:1333)
  app//groovy.lang.MetaClassImpl.invokeMethod(MetaClassImpl.java:1088)
  app//groovy.lang.MetaClassImpl.invokeMethodClosure(MetaClassImpl.java:1017)
  app//groovy.lang.MetaClassImpl.doInvokeMethod(MetaClassImpl.java:1207)
  app//groovy.lang.MetaClassImpl.invokeMethod(MetaClassImpl.java:1088)
  app//groovy.lang.MetaClassImpl.invokeMethod(MetaClassImpl.java:1007)
  app//groovy.lang.Closure.call(Closure.java:433)
  app//groovy.lang.Closure.call(Closure.java:412)
  app//groovy.lang.Closure.run(Closure.java:505)
  java.base@21.0.7/java.lang.Thread.runWith(Thread.java:1596)
  java.base@21.0.7/java.lang.Thread.run(Thread.java:1583)

Thread[#37,Actor Thread 2,5,main]
  java.base@21.0.7/jdk.internal.misc.Unsafe.park(Native Method)
  java.base@21.0.7/java.util.concurrent.locks.LockSupport.park(LockSupport.java:371)
  java.base@21.0.7/java.util.concurrent.LinkedTransferQueue$DualNode.await(LinkedTransferQueue.java:458)
  java.base@21.0.7/java.util.concurrent.SynchronousQueue$Transferer.xferLifo(SynchronousQueue.java:194)
  java.base@21.0.7/java.util.concurrent.SynchronousQueue.xfer(SynchronousQueue.java:235)
  java.base@21.0.7/java.util.concurrent.SynchronousQueue.take(SynchronousQueue.java:318)
  java.base@21.0.7/java.util.concurrent.ThreadPoolExecutor.getTask(ThreadPoolExecutor.java:1070)
  java.base@21.0.7/java.util.concurrent.ThreadPoolExecutor.runWorker(ThreadPoolExecutor.java:1130)
  java.base@21.0.7/java.util.concurrent.ThreadPoolExecutor$Worker.run(ThreadPoolExecutor.java:642)
  java.base@21.0.7/java.lang.Thread.runWith(Thread.java:1596)
  java.base@21.0.7/java.lang.Thread.run(Thread.java:1583)

Thread[#35,PathVisitor-1,5,main]
  java.base@21.0.7/jdk.internal.misc.Unsafe.park(Native Method)
  java.base@21.0.7/java.util.concurrent.locks.LockSupport.parkNanos(LockSupport.java:410)
  java.base@21.0.7/java.util.concurrent.LinkedTransferQueue$DualNode.await(LinkedTransferQueue.java:452)
  java.base@21.0.7/java.util.concurrent.SynchronousQueue$Transferer.xferLifo(SynchronousQueue.java:194)
  java.base@21.0.7/java.util.concurrent.SynchronousQueue.xfer(SynchronousQueue.java:235)
  java.base@21.0.7/java.util.concurrent.SynchronousQueue.poll(SynchronousQueue.java:338)
  java.base@21.0.7/java.util.concurrent.ThreadPoolExecutor.getTask(ThreadPoolExecutor.java:1069)
  java.base@21.0.7/java.util.concurrent.ThreadPoolExecutor.runWorker(ThreadPoolExecutor.java:1130)
  java.base@21.0.7/java.util.concurrent.ThreadPoolExecutor$Worker.run(ThreadPoolExecutor.java:642)
  java.base@21.0.7/java.lang.Thread.runWith(Thread.java:1596)
  java.base@21.0.7/java.lang.Thread.run(Thread.java:1583)

Thread[#19,Notification Thread,9,system]

Thread[#10,Finalizer,8,system]
  java.base@21.0.7/java.lang.Object.wait0(Native Method)
  java.base@21.0.7/java.lang.Object.wait(Object.java:366)
  java.base@21.0.7/java.lang.Object.wait(Object.java:339)
  java.base@21.0.7/java.lang.ref.NativeReferenceQueue.await(NativeReferenceQueue.java:48)
  java.base@21.0.7/java.lang.ref.ReferenceQueue.remove0(ReferenceQueue.java:158)
  java.base@21.0.7/java.lang.ref.NativeReferenceQueue.remove(NativeReferenceQueue.java:89)
  java.base@21.0.7/java.lang.ref.Finalizer$FinalizerThread.run(Finalizer.java:173)

Thread[#41,Actor Thread 6,5,main]
  java.base@21.0.7/jdk.internal.misc.Unsafe.park(Native Method)
  java.base@21.0.7/java.util.concurrent.locks.LockSupport.park(LockSupport.java:371)
  java.base@21.0.7/java.util.concurrent.LinkedTransferQueue$DualNode.await(LinkedTransferQueue.java:458)
  java.base@21.0.7/java.util.concurrent.SynchronousQueue$Transferer.xferLifo(SynchronousQueue.java:194)
  java.base@21.0.7/java.util.concurrent.SynchronousQueue.xfer(SynchronousQueue.java:235)
  java.base@21.0.7/java.util.concurrent.SynchronousQueue.take(SynchronousQueue.java:318)
  java.base@21.0.7/java.util.concurrent.ThreadPoolExecutor.getTask(ThreadPoolExecutor.java:1070)
  java.base@21.0.7/java.util.concurrent.ThreadPoolExecutor.runWorker(ThreadPoolExecutor.java:1130)
  java.base@21.0.7/java.util.concurrent.ThreadPoolExecutor$Worker.run(ThreadPoolExecutor.java:642)
  java.base@21.0.7/java.lang.Thread.runWith(Thread.java:1596)
  java.base@21.0.7/java.lang.Thread.run(Thread.java:1583)

Thread[#40,Actor Thread 5,5,main]
  java.base@21.0.7/java.lang.Thread.dumpThreads(Native Method)
  java.base@21.0.7/java.lang.Thread.getAllStackTraces(Thread.java:2522)
  app//nextflow.util.SysHelper.dumpThreads(SysHelper.groovy:188)
  app//nextflow.Session.abort(Session.groovy:800)
  app//nextflow.Session.fault(Session.groovy:766)
  app//nextflow.Session.fault(Session.groovy)
  java.base@21.0.7/java.lang.invoke.DirectMethodHandle$Holder.invokeVirtual(DirectMethodHandle$Holder)
  java.base@21.0.7/java.lang.invoke.LambdaForm$MH/0x00007f70a01c5c00.invoke(LambdaForm$MH)
  java.base@21.0.7/java.lang.invoke.LambdaForm$MH/0x00007f70a0102000.guardWithCatch(LambdaForm$MH)
  java.base@21.0.7/java.lang.invoke.LambdaForm$MH/0x00007f70a0102800.reinvoke(LambdaForm$MH)
  java.base@21.0.7/java.lang.invoke.LambdaForm$MH/0x00007f70a0102c00.guard(LambdaForm$MH)
  java.base@21.0.7/java.lang.invoke.LambdaForm$MH/0x00007f70a0102800.reinvoke(LambdaForm$MH)
  java.base@21.0.7/java.lang.invoke.LambdaForm$MH/0x00007f70a0102c00.guard(LambdaForm$MH)
  java.base@21.0.7/java.lang.invoke.LambdaForm$MH/0x00007f70a0102800.reinvoke(LambdaForm$MH)
  java.base@21.0.7/java.lang.invoke.LambdaForm$MH/0x00007f70a0161c00.invoke(LambdaForm$MH)
  java.base@21.0.7/java.lang.invoke.Invokers$Holder.invokeExact_MT(Invokers$Holder)
  app//org.codehaus.groovy.vmplugin.v8.IndyInterface.fromCache(IndyInterface.java:321)
  java.base@21.0.7/java.lang.invoke.LambdaForm$DMH/0x00007f70a00aa400.invokeStatic(LambdaForm$DMH)
  java.base@21.0.7/java.lang.invoke.LambdaForm$MH/0x00007f70a0101800.invoke(LambdaForm$MH)
  java.base@21.0.7/java.lang.invoke.Invokers$Holder.linkToCallSite(Invokers$Holder)
  app//nextflow.processor.TaskProcessor.handleException(TaskProcessor.groovy:1008)
  java.base@21.0.7/java.lang.invoke.LambdaForm$DMH/0x00007f70a00ba400.invokeSpecial(LambdaForm$DMH)
  java.base@21.0.7/java.lang.invoke.LambdaForm$MH/0x00007f70a0493000.invoke(LambdaForm$MH)
  java.base@21.0.7/java.lang.invoke.LambdaForm$MH/0x00007f70a0180800.invokeExact_MT(LambdaForm$MH)
  java.base@21.0.7/jdk.internal.reflect.DirectMethodHandleAccessor.invokeImpl(DirectMethodHandleAccessor.java:155)
  java.base@21.0.7/jdk.internal.reflect.DirectMethodHandleAccessor.invoke(DirectMethodHandleAccessor.java:103)
  java.base@21.0.7/java.lang.reflect.Method.invoke(Method.java:580)
  app//org.codehaus.groovy.reflection.CachedMethod.invoke(CachedMethod.java:343)
  app//groovy.lang.MetaMethod.doMethodInvoke(MetaMethod.java:328)
  app//groovy.lang.MetaClassImpl.doInvokeMethod(MetaClassImpl.java:1333)
  app//groovy.lang.MetaClassImpl.invokeMethod(MetaClassImpl.java:1088)
  app//org.codehaus.groovy.runtime.ScriptBytecodeAdapter.invokeMethodOnCurrentN(ScriptBytecodeAdapter.java:96)
  app//nextflow.processor.TaskProcessor.this$dist$invoke$1(TaskProcessor.groovy)
  app//nextflow.processor.TaskProcessor$TaskProcessorInterceptor.methodMissing(TaskProcessor.groovy)
  java.base@21.0.7/java.lang.invoke.LambdaForm$DMH/0x00007f70a00b2800.invokeVirtual(LambdaForm$DMH)
  java.base@21.0.7/java.lang.invoke.LambdaForm$MH/0x00007f70a02ab000.invoke(LambdaForm$MH)
  java.base@21.0.7/java.lang.invoke.LambdaForm$MH/0x00007f70a0180800.invokeExact_MT(LambdaForm$MH)
  java.base@21.0.7/jdk.internal.reflect.DirectMethodHandleAccessor.invokeImpl(DirectMethodHandleAccessor.java:155)
  java.base@21.0.7/jdk.internal.reflect.DirectMethodHandleAccessor.invoke(DirectMethodHandleAccessor.java:103)
  java.base@21.0.7/java.lang.reflect.Method.invoke(Method.java:580)
  app//org.codehaus.groovy.reflection.CachedMethod.invoke(CachedMethod.java:343)
  app//groovy.lang.MetaClassImpl.invokeMissingMethod(MetaClassImpl.java:924)
  app//groovy.lang.MetaClassImpl.invokePropertyOrMissing(MetaClassImpl.java:1413)
  app//groovy.lang.MetaClassImpl.doInvokeMethod(MetaClassImpl.java:1335)
  app//groovy.lang.MetaClassImpl.invokeMethod(MetaClassImpl.java:1088)
  app//groovy.lang.MetaClassImpl.invokeMethod(MetaClassImpl.java:1007)
  java.base@21.0.7/java.lang.invoke.LambdaForm$DMH/0x00007f70a00b3400.invokeInterface(LambdaForm$DMH)
  java.base@21.0.7/java.lang.invoke.LambdaForm$MH/0x00007f70a0177400.invoke(LambdaForm$MH)
  java.base@21.0.7/java.lang.invoke.LambdaForm$MH/0x00007f70a02b5400.invoke(LambdaForm$MH)
  java.base@21.0.7/java.lang.invoke.LambdaForm$MH/0x00007f70a015b400.guardWithCatch(LambdaForm$MH)
  java.base@21.0.7/java.lang.invoke.LambdaForm$MH/0x00007f70a0160000.reinvoke(LambdaForm$MH)
  java.base@21.0.7/java.lang.invoke.LambdaForm$MH/0x00007f70a0160400.guard(LambdaForm$MH)
  java.base@21.0.7/java.lang.invoke.LambdaForm$MH/0x00007f70a0160000.reinvoke(LambdaForm$MH)
  java.base@21.0.7/java.lang.invoke.LambdaForm$MH/0x00007f70a0160400.guard(LambdaForm$MH)
  java.base@21.0.7/java.lang.invoke.LambdaForm$MH/0x00007f70a0160000.reinvoke(LambdaForm$MH)
  java.base@21.0.7/java.lang.invoke.LambdaForm$MH/0x00007f70a01a0000.invoke(LambdaForm$MH)
  java.base@21.0.7/java.lang.invoke.Invokers$Holder.invokeExact_MT(Invokers$Holder)
  app//org.codehaus.groovy.vmplugin.v8.IndyInterface.fromCache(IndyInterface.java:321)
  java.base@21.0.7/java.lang.invoke.LambdaForm$DMH/0x00007f70a00aa400.invokeStatic(LambdaForm$DMH)
  java.base@21.0.7/java.lang.invoke.LambdaForm$MH/0x00007f70a015a800.invoke(LambdaForm$MH)
  java.base@21.0.7/java.lang.invoke.Invokers$Holder.linkToCallSite(Invokers$Holder)
  app//nextflow.processor.TaskProcessor$TaskProcessorInterceptor.onException(TaskProcessor.groovy:2608)
  app//groovyx.gpars.dataflow.operator.DataflowProcessor.fireOnException(DataflowProcessor.java:331)
  app//groovyx.gpars.dataflow.operator.DataflowProcessor.reportError(DataflowProcessor.java:293)
  app//groovyx.gpars.dataflow.operator.DataflowProcessorActor.reportException(DataflowProcessorActor.java:125)
  app//groovyx.gpars.dataflow.operator.DataflowOperatorActor.startTask(DataflowOperatorActor.java:122)
  app//groovyx.gpars.dataflow.operator.ForkingDataflowOperatorActor.access$001(ForkingDataflowOperatorActor.java:35)
  app//groovyx.gpars.dataflow.operator.ForkingDataflowOperatorActor$1.run(ForkingDataflowOperatorActor.java:58)
  java.base@21.0.7/java.util.concurrent.ThreadPoolExecutor.runWorker(ThreadPoolExecutor.java:1144)
  java.base@21.0.7/java.util.concurrent.ThreadPoolExecutor$Worker.run(ThreadPoolExecutor.java:642)
  java.base@21.0.7/java.lang.Thread.runWith(Thread.java:1596)
  java.base@21.0.7/java.lang.Thread.run(Thread.java:1583)

Thread[#11,Signal Dispatcher,9,system]

Thread[#30,process reaper,10,InnocuousThreadGroup]
  java.base@21.0.7/jdk.internal.misc.Unsafe.park(Native Method)
  java.base@21.0.7/java.util.concurrent.locks.LockSupport.parkNanos(LockSupport.java:410)
  java.base@21.0.7/java.util.concurrent.LinkedTransferQueue$DualNode.await(LinkedTransferQueue.java:452)
  java.base@21.0.7/java.util.concurrent.SynchronousQueue$Transferer.xferLifo(SynchronousQueue.java:194)
  java.base@21.0.7/java.util.concurrent.SynchronousQueue.xfer(SynchronousQueue.java:235)
  java.base@21.0.7/java.util.concurrent.SynchronousQueue.poll(SynchronousQueue.java:338)
  java.base@21.0.7/java.util.concurrent.ThreadPoolExecutor.getTask(ThreadPoolExecutor.java:1069)
  java.base@21.0.7/java.util.concurrent.ThreadPoolExecutor.runWorker(ThreadPoolExecutor.java:1130)
  java.base@21.0.7/java.util.concurrent.ThreadPoolExecutor$Worker.run(ThreadPoolExecutor.java:642)
  java.base@21.0.7/java.lang.Thread.runWith(Thread.java:1596)
  java.base@21.0.7/java.lang.Thread.run(Thread.java:1583)
  java.base@21.0.7/jdk.internal.misc.InnocuousThread.run(InnocuousThread.java:186)

Thread[#39,Actor Thread 4,5,main]
  java.base@21.0.7/jdk.internal.misc.Unsafe.park(Native Method)
  java.base@21.0.7/java.util.concurrent.locks.LockSupport.park(LockSupport.java:371)
  java.base@21.0.7/java.util.concurrent.LinkedTransferQueue$DualNode.await(LinkedTransferQueue.java:458)
  java.base@21.0.7/java.util.concurrent.SynchronousQueue$Transferer.xferLifo(SynchronousQueue.java:194)
  java.base@21.0.7/java.util.concurrent.SynchronousQueue.xfer(SynchronousQueue.java:235)
  java.base@21.0.7/java.util.concurrent.SynchronousQueue.take(SynchronousQueue.java:318)
  java.base@21.0.7/java.util.concurrent.ThreadPoolExecutor.getTask(ThreadPoolExecutor.java:1070)
  java.base@21.0.7/java.util.concurrent.ThreadPoolExecutor.runWorker(ThreadPoolExecutor.java:1130)
  java.base@21.0.7/java.util.concurrent.ThreadPoolExecutor$Worker.run(ThreadPoolExecutor.java:642)
  java.base@21.0.7/java.lang.Thread.runWith(Thread.java:1596)
  java.base@21.0.7/java.lang.Thread.run(Thread.java:1583)

Thread[#9,Reference Handler,10,system]
  java.base@21.0.7/java.lang.ref.Reference.waitForReferencePendingList(Native Method)
  java.base@21.0.7/java.lang.ref.Reference.processPendingReferences(Reference.java:246)
  java.base@21.0.7/java.lang.ref.Reference$ReferenceHandler.run(Reference.java:208)

May-10 22:42:49.134 [main] DEBUG nextflow.Session - Session await > all processes finished
May-10 22:42:49.134 [main] DEBUG nextflow.Session - Session await > all barriers passed
May-10 22:42:49.134 [Task monitor] DEBUG n.processor.TaskPollingMonitor - <<< barrier arrives (monitor: local) - terminating tasks monitor poll loop
May-10 22:42:49.136 [Actor Thread 3] DEBUG nextflow.processor.TaskProcessor - Handling unexpected condition for
  task: name=BAGOBUGS; work-dir=null
  error [java.lang.InterruptedException]: java.lang.InterruptedException
May-10 22:42:49.138 [main] DEBUG n.trace.WorkflowStatsObserver - Workflow completed > WorkflowStats[succeededCount=0; failedCount=0; ignoredCount=0; cachedCount=0; pendingCount=0; submittedCount=0; runningCount=0; retriesCount=0; abortedCount=0; succeedDuration=0ms; failedDuration=0ms; cachedDuration=0ms;loadCpus=0; loadMemory=0; peakRunning=0; peakCpus=0; peakMemory=0; ]
May-10 22:42:49.320 [main] DEBUG nextflow.cache.CacheDB - Closing CacheDB done
May-10 22:42:49.342 [main] DEBUG nextflow.script.ScriptRunner - > Execution complete -- Goodbye
